<?xml version="1.0" encoding="UTF-8"?>
<testng-results total="1" passed="0" failed="0" skipped="1">
  <reporter-output>
  </reporter-output>
  <suite started-at="2022-11-28T18:17:45Z" name="Default suite" finished-at="2022-11-28T18:17:51Z" duration-ms="5905">
    <groups>
    </groups>
    <test started-at="2022-11-28T18:17:45Z" name="Default test" finished-at="2022-11-28T18:17:51Z" duration-ms="5905">
      <class name="TestNGImplimentation.RegistrationTestcase">
        <test-method is-config="true" signature="testSetup()[pri:0, instance:TestNGImplimentation.RegistrationTestcase@7188af83]" started-at="2022-11-28T13:17:45Z" name="testSetup" finished-at="2022-11-28T13:17:46Z" duration-ms="1067" status="PASS">
          <reporter-output>
          </reporter-output>
        </test-method> <!-- testSetup -->
        <test-method is-config="true" signature="ClassSetup()[pri:0, instance:TestNGImplimentation.RegistrationTestcase@7188af83]" started-at="2022-11-28T13:17:46Z" name="ClassSetup" finished-at="2022-11-28T13:17:46Z" duration-ms="0" status="FAIL">
          <exception class="java.lang.NullPointerException">
            <message>
              <![CDATA[Cannot invoke "org.openqa.selenium.SearchContext.findElement(org.openqa.selenium.By)" because "this.searchContext" is null]]>
            </message>
            <full-stacktrace>
              <![CDATA[java.lang.NullPointerException: Cannot invoke "org.openqa.selenium.SearchContext.findElement(org.openqa.selenium.By)" because "this.searchContext" is null
	at org.openqa.selenium.support.pagefactory.DefaultElementLocator.findElement(DefaultElementLocator.java:70)
	at org.openqa.selenium.support.pagefactory.internal.LocatingElementHandler.invoke(LocatingElementHandler.java:39)
	at jdk.proxy2/jdk.proxy2.$Proxy17.isDisplayed(Unknown Source)
	at genericLibraries.BaseClass.ClassSetup(BaseClass.java:51)
	at java.base/jdk.internal.reflect.DirectMethodHandleAccessor.invoke(DirectMethodHandleAccessor.java:104)
	at java.base/java.lang.reflect.Method.invoke(Method.java:577)
	at org.testng.internal.MethodInvocationHelper.invokeMethod(MethodInvocationHelper.java:85)
	at org.testng.internal.Invoker.invokeConfigurationMethod(Invoker.java:510)
	at org.testng.internal.Invoker.invokeConfigurations(Invoker.java:211)
	at org.testng.internal.Invoker.invokeConfigurations(Invoker.java:138)
	at org.testng.internal.TestMethodWorker.invokeBeforeClassMethods(TestMethodWorker.java:170)
	at org.testng.internal.TestMethodWorker.run(TestMethodWorker.java:104)
	at org.testng.TestRunner.privateRun(TestRunner.java:774)
	at org.testng.TestRunner.run(TestRunner.java:624)
	at org.testng.SuiteRunner.runTest(SuiteRunner.java:359)
	at org.testng.SuiteRunner.runSequentially(SuiteRunner.java:354)
	at org.testng.SuiteRunner.privateRun(SuiteRunner.java:312)
	at org.testng.SuiteRunner.run(SuiteRunner.java:261)
	at org.testng.SuiteRunnerWorker.runSuite(SuiteRunnerWorker.java:52)
	at org.testng.SuiteRunnerWorker.run(SuiteRunnerWorker.java:86)
	at org.testng.TestNG.runSuitesSequentially(TestNG.java:1191)
	at org.testng.TestNG.runSuitesLocally(TestNG.java:1116)
	at org.testng.TestNG.run(TestNG.java:1024)
	at org.testng.remote.AbstractRemoteTestNG.run(AbstractRemoteTestNG.java:115)
	at org.testng.remote.RemoteTestNG.initAndRun(RemoteTestNG.java:251)
	at org.testng.remote.RemoteTestNG.main(RemoteTestNG.java:77)
]]>
            </full-stacktrace>
          </exception> <!-- java.lang.NullPointerException -->
          <reporter-output>
          </reporter-output>
        </test-method> <!-- ClassSetup -->
        <test-method signature="Registrationtestcase()[pri:0, instance:TestNGImplimentation.RegistrationTestcase@7188af83]" started-at="2022-11-28T13:17:51Z" name="Registrationtestcase" finished-at="2022-11-28T13:17:51Z" duration-ms="7" status="SKIP">
          <reporter-output>
          </reporter-output>
        </test-method> <!-- Registrationtestcase -->
        <test-method is-config="true" signature="ClassTearDown()[pri:0, instance:TestNGImplimentation.RegistrationTestcase@7188af83]" started-at="2022-11-28T13:17:51Z" name="ClassTearDown" finished-at="2022-11-28T13:17:51Z" duration-ms="0" status="SKIP">
          <reporter-output>
          </reporter-output>
        </test-method> <!-- ClassTearDown -->
        <test-method is-config="true" signature="afterTestTearDown()[pri:0, instance:TestNGImplimentation.RegistrationTestcase@7188af83]" started-at="2022-11-28T13:17:51Z" name="afterTestTearDown" finished-at="2022-11-28T13:17:51Z" duration-ms="0" status="SKIP">
          <reporter-output>
          </reporter-output>
        </test-method> <!-- afterTestTearDown -->
      </class> <!-- TestNGImplimentation.RegistrationTestcase -->
    </test> <!-- Default test -->
  </suite> <!-- Default suite -->
</testng-results>
